# JRE version: Java(TM) SE Runtime Environment (14.0.1+7) (build 14.0.1+7)
# Java VM: Java HotSpot(TM) 64-Bit Server VM (14.0.1+7, mixed mode, sharing, tiered, compressed oops, g1 gc, bsd-amd64)
Heap:
 garbage-first heap   total 133120K, used 65085K [0x0000000780000000, 0x0000000800000000)
  region size 1024K, 53 young (54272K), 7 survivors (7168K)
 Metaspace       used 5475K, capacity 7718K, committed 8192K, reserved 1056768K
  class space    used 442K, capacity 666K, committed 768K, reserved 1048576K
GC Heap History (20 events):
Event: 1.469 GC heap before
{Heap before GC invocations=0 (full 0):
 garbage-first heap   total 133120K, used 13104K [0x0000000780000000, 0x0000000800000000)
  region size 1024K, 13 young (13312K), 0 survivors (0K)
 Metaspace       used 5102K, capacity 7520K, committed 7936K, reserved 1056768K
  class space    used 427K, capacity 665K, committed 768K, reserved 1048576K
}
Event: 1.474 GC heap after
{Heap after GC invocations=1 (full 0):
 garbage-first heap   total 133120K, used 2425K [0x0000000780000000, 0x0000000800000000)
  region size 1024K, 2 young (2048K), 2 survivors (2048K)
 Metaspace       used 5102K, capacity 7520K, committed 7936K, reserved 1056768K
  class space    used 427K, capacity 665K, committed 768K, reserved 1048576K
}
Event: 2.228 GC heap before
{Heap before GC invocations=1 (full 0):
 garbage-first heap   total 133120K, used 21881K [0x0000000780000000, 0x0000000800000000)
  region size 1024K, 21 young (21504K), 2 survivors (2048K)
 Metaspace       used 5173K, capacity 7584K, committed 7936K, reserved 1056768K
  class space    used 428K, capacity 665K, committed 768K, reserved 1048576K
}
Event: 2.232 GC heap after
{Heap after GC invocations=2 (full 0):
 garbage-first heap   total 133120K, used 2851K [0x0000000780000000, 0x0000000800000000)
  region size 1024K, 2 young (2048K), 2 survivors (2048K)
 Metaspace       used 5173K, capacity 7584K, committed 7936K, reserved 1056768K
  class space    used 428K, capacity 665K, committed 768K, reserved 1048576K
}
Event: 4.919 GC heap before
{Heap before GC invocations=2 (full 0):
 garbage-first heap   total 133120K, used 78627K [0x0000000780000000, 0x0000000800000000)
  region size 1024K, 76 young (77824K), 2 survivors (2048K)
 Metaspace       used 5323K, capacity 7590K, committed 7936K, reserved 1056768K
  class space    used 438K, capacity 666K, committed 768K, reserved 1048576K
}
Event: 4.928 GC heap after
{Heap after GC invocations=3 (full 0):
 garbage-first heap   total 133120K, used 4877K [0x0000000780000000, 0x0000000800000000)
  region size 1024K, 4 young (4096K), 4 survivors (4096K)
 Metaspace       used 5323K, capacity 7590K, committed 7936K, reserved 1056768K
  class space    used 438K, capacity 666K, committed 768K, reserved 1048576K
}
Event: 7.383 GC heap before
{Heap before GC invocations=3 (full 0):
 garbage-first heap   total 133120K, used 78605K [0x0000000780000000, 0x0000000800000000)
  region size 1024K, 76 young (77824K), 4 survivors (4096K)
 Metaspace       used 5393K, capacity 7654K, committed 7936K, reserved 1056768K
  class space    used 441K, capacity 666K, committed 768K, reserved 1048576K
}
Event: 7.406 GC heap after
{Heap after GC invocations=4 (full 0):
 garbage-first heap   total 133120K, used 6957K [0x0000000780000000, 0x0000000800000000)
  region size 1024K, 6 young (6144K), 6 survivors (6144K)
 Metaspace       used 5393K, capacity 7654K, committed 7936K, reserved 1056768K
  class space    used 441K, capacity 666K, committed 768K, reserved 1048576K
}
Event: 9.765 GC heap before
{Heap before GC invocations=4 (full 0):
 garbage-first heap   total 133120K, used 78637K [0x0000000780000000, 0x0000000800000000)
  region size 1024K, 76 young (77824K), 6 survivors (6144K)
 Metaspace       used 5421K, capacity 7654K, committed 7936K, reserved 1056768K
  class space    used 441K, capacity 666K, committed 768K, reserved 1048576K
}
Event: 9.777 GC heap after
{Heap after GC invocations=5 (full 0):
 garbage-first heap   total 133120K, used 9163K [0x0000000780000000, 0x0000000800000000)
  region size 1024K, 7 young (7168K), 7 survivors (7168K)
 Metaspace       used 5421K, capacity 7654K, committed 7936K, reserved 1056768K
  class space    used 441K, capacity 666K, committed 768K, reserved 1048576K
}
Event: 12.589 GC heap before
{Heap before GC invocations=5 (full 0):
 garbage-first heap   total 133120K, used 79819K [0x0000000780000000, 0x0000000800000000)
  region size 1024K, 76 young (77824K), 7 survivors (7168K)
 Metaspace       used 5462K, capacity 7718K, committed 8192K, reserved 1056768K
  class space    used 441K, capacity 666K, committed 768K, reserved 1048576K
}
Event: 12.598 GC heap after
{Heap after GC invocations=6 (full 0):
 garbage-first heap   total 133120K, used 10811K [0x0000000780000000, 0x0000000800000000)
  region size 1024K, 6 young (6144K), 6 survivors (6144K)
 Metaspace       used 5462K, capacity 7718K, committed 8192K, reserved 1056768K
  class space    used 441K, capacity 666K, committed 768K, reserved 1048576K
}
Event: 16.128 GC heap before
{Heap before GC invocations=6 (full 0):
 garbage-first heap   total 133120K, used 82491K [0x0000000780000000, 0x0000000800000000)
  region size 1024K, 76 young (77824K), 6 survivors (6144K)
 Metaspace       used 5465K, capacity 7718K, committed 8192K, reserved 1056768K
  class space    used 441K, capacity 666K, committed 768K, reserved 1048576K
}
Event: 16.140 GC heap after
{Heap after GC invocations=7 (full 0):
 garbage-first heap   total 133120K, used 12667K [0x0000000780000000, 0x0000000800000000)
  region size 1024K, 6 young (6144K), 6 survivors (6144K)
 Metaspace       used 5465K, capacity 7718K, committed 8192K, reserved 1056768K
  class space    used 441K, capacity 666K, committed 768K, reserved 1048576K
}
Event: 19.019 GC heap before
{Heap before GC invocations=7 (full 0):
 garbage-first heap   total 133120K, used 84347K [0x0000000780000000, 0x0000000800000000)
  region size 1024K, 76 young (77824K), 6 survivors (6144K)
 Metaspace       used 5465K, capacity 7718K, committed 8192K, reserved 1056768K
  class space    used 441K, capacity 666K, committed 768K, reserved 1048576K
}
Event: 19.031 GC heap after
{Heap after GC invocations=8 (full 0):
 garbage-first heap   total 133120K, used 14860K [0x0000000780000000, 0x0000000800000000)
  region size 1024K, 6 young (6144K), 6 survivors (6144K)
 Metaspace       used 5465K, capacity 7718K, committed 8192K, reserved 1056768K
  class space    used 441K, capacity 666K, committed 768K, reserved 1048576K
}
Event: 22.444 GC heap before
{Heap before GC invocations=8 (full 0):
 garbage-first heap   total 133120K, used 86540K [0x0000000780000000, 0x0000000800000000)
  region size 1024K, 76 young (77824K), 6 survivors (6144K)
 Metaspace       used 5466K, capacity 7718K, committed 8192K, reserved 1056768K
  class space    used 441K, capacity 666K, committed 768K, reserved 1048576K
}
Event: 22.457 GC heap after
{Heap after GC invocations=9 (full 0):
 garbage-first heap   total 133120K, used 17153K [0x0000000780000000, 0x0000000800000000)
  region size 1024K, 7 young (7168K), 7 survivors (7168K)
 Metaspace       used 5466K, capacity 7718K, committed 8192K, reserved 1056768K
  class space    used 441K, capacity 666K, committed 768K, reserved 1048576K
}
Event: 25.837 GC heap before
{Heap before GC invocations=9 (full 0):
 garbage-first heap   total 133120K, used 87809K [0x0000000780000000, 0x0000000800000000)
  region size 1024K, 76 young (77824K), 7 survivors (7168K)
 Metaspace       used 5466K, capacity 7718K, committed 8192K, reserved 1056768K
  class space    used 441K, capacity 666K, committed 768K, reserved 1048576K
}
Event: 25.850 GC heap after
{Heap after GC invocations=10 (full 0):
 garbage-first heap   total 133120K, used 19005K [0x0000000780000000, 0x0000000800000000)
  region size 1024K, 7 young (7168K), 7 survivors (7168K)
 Metaspace       used 5466K, capacity 7718K, committed 8192K, reserved 1056768K
  class space    used 441K, capacity 666K, committed 768K, reserved 1048576K
}

