# JRE version: Java(TM) SE Runtime Environment (14.0.1+7) (build 14.0.1+7)
# Java VM: Java HotSpot(TM) 64-Bit Server VM (14.0.1+7, mixed mode, sharing, tiered, compressed oops, g1 gc, windows-amd64)
Heap:
 garbage-first heap   total 131072K, used 105504K [0x0000000081400000, 0x0000000100000000)
  region size 1024K, 72 young (73728K), 6 survivors (6144K)
 Metaspace       used 4912K, capacity 7910K, committed 8192K, reserved 1056768K
  class space    used 342K, capacity 663K, committed 768K, reserved 1048576K
GC Heap History (20 events):
Event: 242.920 GC heap before
{Heap before GC invocations=89 (full 0):
 garbage-first heap   total 131072K, used 105915K [0x0000000081400000, 0x0000000100000000)
  region size 1024K, 76 young (77824K), 5 survivors (5120K)
 Metaspace       used 4912K, capacity 7910K, committed 8192K, reserved 1056768K
  class space    used 342K, capacity 663K, committed 768K, reserved 1048576K
}
Event: 242.969 GC heap after
{Heap after GC invocations=90 (full 0):
 garbage-first heap   total 131072K, used 33611K [0x0000000081400000, 0x0000000100000000)
  region size 1024K, 5 young (5120K), 5 survivors (5120K)
 Metaspace       used 4912K, capacity 7910K, committed 8192K, reserved 1056768K
  class space    used 342K, capacity 663K, committed 768K, reserved 1048576K
}
Event: 246.004 GC heap before
{Heap before GC invocations=90 (full 0):
 garbage-first heap   total 131072K, used 106315K [0x0000000081400000, 0x0000000100000000)
  region size 1024K, 76 young (77824K), 5 survivors (5120K)
 Metaspace       used 4912K, capacity 7910K, committed 8192K, reserved 1056768K
  class space    used 342K, capacity 663K, committed 768K, reserved 1048576K
}
Event: 246.013 GC heap after
{Heap after GC invocations=91 (full 0):
 garbage-first heap   total 131072K, used 33952K [0x0000000081400000, 0x0000000100000000)
  region size 1024K, 5 young (5120K), 5 survivors (5120K)
 Metaspace       used 4912K, capacity 7910K, committed 8192K, reserved 1056768K
  class space    used 342K, capacity 663K, committed 768K, reserved 1048576K
}
Event: 248.932 GC heap before
{Heap before GC invocations=91 (full 0):
 garbage-first heap   total 131072K, used 106656K [0x0000000081400000, 0x0000000100000000)
  region size 1024K, 76 young (77824K), 5 survivors (5120K)
 Metaspace       used 4912K, capacity 7910K, committed 8192K, reserved 1056768K
  class space    used 342K, capacity 663K, committed 768K, reserved 1048576K
}
Event: 248.942 GC heap after
{Heap after GC invocations=92 (full 0):
 garbage-first heap   total 131072K, used 34289K [0x0000000081400000, 0x0000000100000000)
  region size 1024K, 5 young (5120K), 5 survivors (5120K)
 Metaspace       used 4912K, capacity 7910K, committed 8192K, reserved 1056768K
  class space    used 342K, capacity 663K, committed 768K, reserved 1048576K
}
Event: 251.789 GC heap before
{Heap before GC invocations=92 (full 0):
 garbage-first heap   total 131072K, used 106993K [0x0000000081400000, 0x0000000100000000)
  region size 1024K, 76 young (77824K), 5 survivors (5120K)
 Metaspace       used 4912K, capacity 7910K, committed 8192K, reserved 1056768K
  class space    used 342K, capacity 663K, committed 768K, reserved 1048576K
}
Event: 251.800 GC heap after
{Heap after GC invocations=93 (full 0):
 garbage-first heap   total 131072K, used 34626K [0x0000000081400000, 0x0000000100000000)
  region size 1024K, 5 young (5120K), 5 survivors (5120K)
 Metaspace       used 4912K, capacity 7910K, committed 8192K, reserved 1056768K
  class space    used 342K, capacity 663K, committed 768K, reserved 1048576K
}
Event: 254.729 GC heap before
{Heap before GC invocations=93 (full 0):
 garbage-first heap   total 131072K, used 107330K [0x0000000081400000, 0x0000000100000000)
  region size 1024K, 76 young (77824K), 5 survivors (5120K)
 Metaspace       used 4912K, capacity 7910K, committed 8192K, reserved 1056768K
  class space    used 342K, capacity 663K, committed 768K, reserved 1048576K
}
Event: 254.738 GC heap after
{Heap after GC invocations=94 (full 0):
 garbage-first heap   total 131072K, used 34912K [0x0000000081400000, 0x0000000100000000)
  region size 1024K, 5 young (5120K), 5 survivors (5120K)
 Metaspace       used 4912K, capacity 7910K, committed 8192K, reserved 1056768K
  class space    used 342K, capacity 663K, committed 768K, reserved 1048576K
}
Event: 257.446 GC heap before
{Heap before GC invocations=94 (full 0):
 garbage-first heap   total 131072K, used 107616K [0x0000000081400000, 0x0000000100000000)
  region size 1024K, 76 young (77824K), 5 survivors (5120K)
 Metaspace       used 4912K, capacity 7910K, committed 8192K, reserved 1056768K
  class space    used 342K, capacity 663K, committed 768K, reserved 1048576K
}
Event: 257.454 GC heap after
{Heap after GC invocations=95 (full 0):
 garbage-first heap   total 131072K, used 35313K [0x0000000081400000, 0x0000000100000000)
  region size 1024K, 5 young (5120K), 5 survivors (5120K)
 Metaspace       used 4912K, capacity 7910K, committed 8192K, reserved 1056768K
  class space    used 342K, capacity 663K, committed 768K, reserved 1048576K
}
Event: 260.126 GC heap before
{Heap before GC invocations=95 (full 0):
 garbage-first heap   total 131072K, used 110065K [0x0000000081400000, 0x0000000100000000)
  region size 1024K, 76 young (77824K), 5 survivors (5120K)
 Metaspace       used 4912K, capacity 7910K, committed 8192K, reserved 1056768K
  class space    used 342K, capacity 663K, committed 768K, reserved 1048576K
}
Event: 260.137 GC heap after
{Heap after GC invocations=96 (full 0):
 garbage-first heap   total 131072K, used 37698K [0x0000000081400000, 0x0000000100000000)
  region size 1024K, 5 young (5120K), 5 survivors (5120K)
 Metaspace       used 4912K, capacity 7910K, committed 8192K, reserved 1056768K
  class space    used 342K, capacity 663K, committed 768K, reserved 1048576K
}
Event: 263.055 GC heap before
{Heap before GC invocations=96 (full 0):
 garbage-first heap   total 131072K, used 110402K [0x0000000081400000, 0x0000000100000000)
  region size 1024K, 76 young (77824K), 5 survivors (5120K)
 Metaspace       used 4912K, capacity 7910K, committed 8192K, reserved 1056768K
  class space    used 342K, capacity 663K, committed 768K, reserved 1048576K
}
Event: 263.065 GC heap after
{Heap after GC invocations=97 (full 0):
 garbage-first heap   total 131072K, used 38032K [0x0000000081400000, 0x0000000100000000)
  region size 1024K, 5 young (5120K), 5 survivors (5120K)
 Metaspace       used 4912K, capacity 7910K, committed 8192K, reserved 1056768K
  class space    used 342K, capacity 663K, committed 768K, reserved 1048576K
}
Event: 265.970 GC heap before
{Heap before GC invocations=97 (full 0):
 garbage-first heap   total 131072K, used 110736K [0x0000000081400000, 0x0000000100000000)
  region size 1024K, 76 young (77824K), 5 survivors (5120K)
 Metaspace       used 4912K, capacity 7910K, committed 8192K, reserved 1056768K
  class space    used 342K, capacity 663K, committed 768K, reserved 1048576K
}
Event: 265.978 GC heap after
{Heap after GC invocations=98 (full 0):
 garbage-first heap   total 131072K, used 38369K [0x0000000081400000, 0x0000000100000000)
  region size 1024K, 5 young (5120K), 5 survivors (5120K)
 Metaspace       used 4912K, capacity 7910K, committed 8192K, reserved 1056768K
  class space    used 342K, capacity 663K, committed 768K, reserved 1048576K
}
Event: 268.785 GC heap before
{Heap before GC invocations=98 (full 0):
 garbage-first heap   total 131072K, used 111073K [0x0000000081400000, 0x0000000100000000)
  region size 1024K, 76 young (77824K), 5 survivors (5120K)
 Metaspace       used 4912K, capacity 7910K, committed 8192K, reserved 1056768K
  class space    used 342K, capacity 663K, committed 768K, reserved 1048576K
}
Event: 268.795 GC heap after
{Heap after GC invocations=99 (full 0):
 garbage-first heap   total 131072K, used 38944K [0x0000000081400000, 0x0000000100000000)
  region size 1024K, 6 young (6144K), 6 survivors (6144K)
 Metaspace       used 4912K, capacity 7910K, committed 8192K, reserved 1056768K
  class space    used 342K, capacity 663K, committed 768K, reserved 1048576K
}

