# JRE version: Java(TM) SE Runtime Environment (14.0.1+7) (build 14.0.1+7)
# Java VM: Java HotSpot(TM) 64-Bit Server VM (14.0.1+7, mixed mode, sharing, tiered, compressed oops, g1 gc, windows-amd64)
Heap:
 garbage-first heap   total 131072K, used 58573K [0x0000000081400000, 0x0000000100000000)
  region size 1024K, 6 young (6144K), 5 survivors (5120K)
 Metaspace       used 4732K, capacity 7742K, committed 8064K, reserved 1056768K
  class space    used 330K, capacity 628K, committed 640K, reserved 1048576K
GC Heap History (20 events):
Event: 362.671 GC heap before
{Heap before GC invocations=131 (full 0):
 garbage-first heap   total 131072K, used 111929K [0x0000000081400000, 0x0000000100000000)
  region size 1024K, 60 young (61440K), 5 survivors (5120K)
 Metaspace       used 4732K, capacity 7742K, committed 8064K, reserved 1056768K
  class space    used 330K, capacity 628K, committed 640K, reserved 1048576K
}
Event: 362.682 GC heap after
{Heap after GC invocations=132 (full 0):
 garbage-first heap   total 131072K, used 55941K [0x0000000081400000, 0x0000000100000000)
  region size 1024K, 5 young (5120K), 5 survivors (5120K)
 Metaspace       used 4732K, capacity 7742K, committed 8064K, reserved 1056768K
  class space    used 330K, capacity 628K, committed 640K, reserved 1048576K
}
Event: 364.725 GC heap before
{Heap before GC invocations=132 (full 0):
 garbage-first heap   total 131072K, used 112261K [0x0000000081400000, 0x0000000100000000)
  region size 1024K, 60 young (61440K), 5 survivors (5120K)
 Metaspace       used 4732K, capacity 7742K, committed 8064K, reserved 1056768K
  class space    used 330K, capacity 628K, committed 640K, reserved 1048576K
}
Event: 364.736 GC heap after
{Heap after GC invocations=133 (full 0):
 garbage-first heap   total 131072K, used 56276K [0x0000000081400000, 0x0000000100000000)
  region size 1024K, 5 young (5120K), 5 survivors (5120K)
 Metaspace       used 4732K, capacity 7742K, committed 8064K, reserved 1056768K
  class space    used 330K, capacity 628K, committed 640K, reserved 1048576K
}
Event: 366.831 GC heap before
{Heap before GC invocations=133 (full 0):
 garbage-first heap   total 131072K, used 111572K [0x0000000081400000, 0x0000000100000000)
  region size 1024K, 59 young (60416K), 5 survivors (5120K)
 Metaspace       used 4732K, capacity 7742K, committed 8064K, reserved 1056768K
  class space    used 330K, capacity 628K, committed 640K, reserved 1048576K
}
Event: 366.841 GC heap after
{Heap after GC invocations=134 (full 0):
 garbage-first heap   total 131072K, used 56607K [0x0000000081400000, 0x0000000100000000)
  region size 1024K, 5 young (5120K), 5 survivors (5120K)
 Metaspace       used 4732K, capacity 7742K, committed 8064K, reserved 1056768K
  class space    used 330K, capacity 628K, committed 640K, reserved 1048576K
}
Event: 368.903 GC heap before
{Heap before GC invocations=134 (full 0):
 garbage-first heap   total 131072K, used 111903K [0x0000000081400000, 0x0000000100000000)
  region size 1024K, 59 young (60416K), 5 survivors (5120K)
 Metaspace       used 4732K, capacity 7742K, committed 8064K, reserved 1056768K
  class space    used 330K, capacity 628K, committed 640K, reserved 1048576K
}
Event: 368.914 GC heap after
{Heap after GC invocations=135 (full 0):
 garbage-first heap   total 131072K, used 56936K [0x0000000081400000, 0x0000000100000000)
  region size 1024K, 5 young (5120K), 5 survivors (5120K)
 Metaspace       used 4732K, capacity 7742K, committed 8064K, reserved 1056768K
  class space    used 330K, capacity 628K, committed 640K, reserved 1048576K
}
Event: 370.986 GC heap before
{Heap before GC invocations=135 (full 0):
 garbage-first heap   total 131072K, used 112232K [0x0000000081400000, 0x0000000100000000)
  region size 1024K, 59 young (60416K), 5 survivors (5120K)
 Metaspace       used 4732K, capacity 7742K, committed 8064K, reserved 1056768K
  class space    used 330K, capacity 628K, committed 640K, reserved 1048576K
}
Event: 370.994 GC heap after
{Heap after GC invocations=136 (full 0):
 garbage-first heap   total 131072K, used 57265K [0x0000000081400000, 0x0000000100000000)
  region size 1024K, 5 young (5120K), 5 survivors (5120K)
 Metaspace       used 4732K, capacity 7742K, committed 8064K, reserved 1056768K
  class space    used 330K, capacity 628K, committed 640K, reserved 1048576K
}
Event: 373.163 GC heap before
{Heap before GC invocations=136 (full 0):
 garbage-first heap   total 131072K, used 111537K [0x0000000081400000, 0x0000000100000000)
  region size 1024K, 58 young (59392K), 5 survivors (5120K)
 Metaspace       used 4732K, capacity 7742K, committed 8064K, reserved 1056768K
  class space    used 330K, capacity 628K, committed 640K, reserved 1048576K
}
Event: 373.172 GC heap after
{Heap after GC invocations=137 (full 0):
 garbage-first heap   total 131072K, used 57380K [0x0000000081400000, 0x0000000100000000)
  region size 1024K, 5 young (5120K), 5 survivors (5120K)
 Metaspace       used 4732K, capacity 7742K, committed 8064K, reserved 1056768K
  class space    used 330K, capacity 628K, committed 640K, reserved 1048576K
}
Event: 375.313 GC heap before
{Heap before GC invocations=137 (full 0):
 garbage-first heap   total 131072K, used 111652K [0x0000000081400000, 0x0000000100000000)
  region size 1024K, 58 young (59392K), 5 survivors (5120K)
 Metaspace       used 4732K, capacity 7742K, committed 8064K, reserved 1056768K
  class space    used 330K, capacity 628K, committed 640K, reserved 1048576K
}
Event: 375.322 GC heap after
{Heap after GC invocations=138 (full 0):
 garbage-first heap   total 131072K, used 57512K [0x0000000081400000, 0x0000000100000000)
  region size 1024K, 5 young (5120K), 5 survivors (5120K)
 Metaspace       used 4732K, capacity 7742K, committed 8064K, reserved 1056768K
  class space    used 330K, capacity 628K, committed 640K, reserved 1048576K
}
Event: 377.311 GC heap before
{Heap before GC invocations=138 (full 0):
 garbage-first heap   total 131072K, used 111784K [0x0000000081400000, 0x0000000100000000)
  region size 1024K, 58 young (59392K), 5 survivors (5120K)
 Metaspace       used 4732K, capacity 7742K, committed 8064K, reserved 1056768K
  class space    used 330K, capacity 628K, committed 640K, reserved 1048576K
}
Event: 377.319 GC heap after
{Heap after GC invocations=139 (full 0):
 garbage-first heap   total 131072K, used 58050K [0x0000000081400000, 0x0000000100000000)
  region size 1024K, 5 young (5120K), 5 survivors (5120K)
 Metaspace       used 4732K, capacity 7742K, committed 8064K, reserved 1056768K
  class space    used 330K, capacity 628K, committed 640K, reserved 1048576K
}
Event: 379.298 GC heap before
{Heap before GC invocations=139 (full 0):
 garbage-first heap   total 131072K, used 111298K [0x0000000081400000, 0x0000000100000000)
  region size 1024K, 57 young (58368K), 5 survivors (5120K)
 Metaspace       used 4732K, capacity 7742K, committed 8064K, reserved 1056768K
  class space    used 330K, capacity 628K, committed 640K, reserved 1048576K
}
Event: 379.306 GC heap after
{Heap after GC invocations=140 (full 0):
 garbage-first heap   total 131072K, used 58370K [0x0000000081400000, 0x0000000100000000)
  region size 1024K, 5 young (5120K), 5 survivors (5120K)
 Metaspace       used 4732K, capacity 7742K, committed 8064K, reserved 1056768K
  class space    used 330K, capacity 628K, committed 640K, reserved 1048576K
}
Event: 381.258 GC heap before
{Heap before GC invocations=140 (full 0):
 garbage-first heap   total 131072K, used 111618K [0x0000000081400000, 0x0000000100000000)
  region size 1024K, 57 young (58368K), 5 survivors (5120K)
 Metaspace       used 4732K, capacity 7742K, committed 8064K, reserved 1056768K
  class space    used 330K, capacity 628K, committed 640K, reserved 1048576K
}
Event: 381.266 GC heap after
{Heap after GC invocations=141 (full 0):
 garbage-first heap   total 131072K, used 58573K [0x0000000081400000, 0x0000000100000000)
  region size 1024K, 5 young (5120K), 5 survivors (5120K)
 Metaspace       used 4732K, capacity 7742K, committed 8064K, reserved 1056768K
  class space    used 330K, capacity 628K, committed 640K, reserved 1048576K
}

