# JRE version: Java(TM) SE Runtime Environment (14.0.1+7) (build 14.0.1+7)
# Java VM: Java HotSpot(TM) 64-Bit Server VM (14.0.1+7, mixed mode, sharing, tiered, compressed oops, g1 gc, windows-amd64)
Heap:
 garbage-first heap   total 131072K, used 50900K [0x0000000081400000, 0x0000000100000000)
  region size 1024K, 39 young (39936K), 6 survivors (6144K)
 Metaspace       used 4726K, capacity 7742K, committed 8064K, reserved 1056768K
  class space    used 330K, capacity 628K, committed 640K, reserved 1048576K
GC Heap History (20 events):
Event: 80.042 GC heap before
{Heap before GC invocations=29 (full 0):
 garbage-first heap   total 131072K, used 85440K [0x0000000081400000, 0x0000000100000000)
  region size 1024K, 76 young (77824K), 6 survivors (6144K)
 Metaspace       used 4726K, capacity 7742K, committed 8064K, reserved 1056768K
  class space    used 330K, capacity 628K, committed 640K, reserved 1048576K
}
Event: 80.062 GC heap after
{Heap after GC invocations=30 (full 0):
 garbage-first heap   total 131072K, used 14177K [0x0000000081400000, 0x0000000100000000)
  region size 1024K, 6 young (6144K), 6 survivors (6144K)
 Metaspace       used 4726K, capacity 7742K, committed 8064K, reserved 1056768K
  class space    used 330K, capacity 628K, committed 640K, reserved 1048576K
}
Event: 83.172 GC heap before
{Heap before GC invocations=30 (full 0):
 garbage-first heap   total 131072K, used 85857K [0x0000000081400000, 0x0000000100000000)
  region size 1024K, 76 young (77824K), 6 survivors (6144K)
 Metaspace       used 4726K, capacity 7742K, committed 8064K, reserved 1056768K
  class space    used 330K, capacity 628K, committed 640K, reserved 1048576K
}
Event: 83.187 GC heap after
{Heap after GC invocations=31 (full 0):
 garbage-first heap   total 131072K, used 14589K [0x0000000081400000, 0x0000000100000000)
  region size 1024K, 6 young (6144K), 6 survivors (6144K)
 Metaspace       used 4726K, capacity 7742K, committed 8064K, reserved 1056768K
  class space    used 330K, capacity 628K, committed 640K, reserved 1048576K
}
Event: 86.363 GC heap before
{Heap before GC invocations=31 (full 0):
 garbage-first heap   total 131072K, used 86269K [0x0000000081400000, 0x0000000100000000)
  region size 1024K, 76 young (77824K), 6 survivors (6144K)
 Metaspace       used 4726K, capacity 7742K, committed 8064K, reserved 1056768K
  class space    used 330K, capacity 628K, committed 640K, reserved 1048576K
}
Event: 86.371 GC heap after
{Heap after GC invocations=32 (full 0):
 garbage-first heap   total 131072K, used 14984K [0x0000000081400000, 0x0000000100000000)
  region size 1024K, 6 young (6144K), 6 survivors (6144K)
 Metaspace       used 4726K, capacity 7742K, committed 8064K, reserved 1056768K
  class space    used 330K, capacity 628K, committed 640K, reserved 1048576K
}
Event: 88.741 GC heap before
{Heap before GC invocations=32 (full 0):
 garbage-first heap   total 131072K, used 86664K [0x0000000081400000, 0x0000000100000000)
  region size 1024K, 76 young (77824K), 6 survivors (6144K)
 Metaspace       used 4726K, capacity 7742K, committed 8064K, reserved 1056768K
  class space    used 330K, capacity 628K, committed 640K, reserved 1048576K
}
Event: 88.749 GC heap after
{Heap after GC invocations=33 (full 0):
 garbage-first heap   total 131072K, used 15407K [0x0000000081400000, 0x0000000100000000)
  region size 1024K, 6 young (6144K), 6 survivors (6144K)
 Metaspace       used 4726K, capacity 7742K, committed 8064K, reserved 1056768K
  class space    used 330K, capacity 628K, committed 640K, reserved 1048576K
}
Event: 97.370 GC heap before
{Heap before GC invocations=33 (full 0):
 garbage-first heap   total 131072K, used 87087K [0x0000000081400000, 0x0000000100000000)
  region size 1024K, 76 young (77824K), 6 survivors (6144K)
 Metaspace       used 4726K, capacity 7742K, committed 8064K, reserved 1056768K
  class space    used 330K, capacity 628K, committed 640K, reserved 1048576K
}
Event: 97.429 GC heap after
{Heap after GC invocations=34 (full 0):
 garbage-first heap   total 131072K, used 15802K [0x0000000081400000, 0x0000000100000000)
  region size 1024K, 6 young (6144K), 6 survivors (6144K)
 Metaspace       used 4726K, capacity 7742K, committed 8064K, reserved 1056768K
  class space    used 330K, capacity 628K, committed 640K, reserved 1048576K
}
Event: 100.159 GC heap before
{Heap before GC invocations=34 (full 0):
 garbage-first heap   total 131072K, used 87482K [0x0000000081400000, 0x0000000100000000)
  region size 1024K, 76 young (77824K), 6 survivors (6144K)
 Metaspace       used 4726K, capacity 7742K, committed 8064K, reserved 1056768K
  class space    used 330K, capacity 628K, committed 640K, reserved 1048576K
}
Event: 100.168 GC heap after
{Heap after GC invocations=35 (full 0):
 garbage-first heap   total 131072K, used 16224K [0x0000000081400000, 0x0000000100000000)
  region size 1024K, 6 young (6144K), 6 survivors (6144K)
 Metaspace       used 4726K, capacity 7742K, committed 8064K, reserved 1056768K
  class space    used 330K, capacity 628K, committed 640K, reserved 1048576K
}
Event: 102.727 GC heap before
{Heap before GC invocations=35 (full 0):
 garbage-first heap   total 131072K, used 87904K [0x0000000081400000, 0x0000000100000000)
  region size 1024K, 76 young (77824K), 6 survivors (6144K)
 Metaspace       used 4726K, capacity 7742K, committed 8064K, reserved 1056768K
  class space    used 330K, capacity 628K, committed 640K, reserved 1048576K
}
Event: 102.735 GC heap after
{Heap after GC invocations=36 (full 0):
 garbage-first heap   total 131072K, used 16657K [0x0000000081400000, 0x0000000100000000)
  region size 1024K, 6 young (6144K), 6 survivors (6144K)
 Metaspace       used 4726K, capacity 7742K, committed 8064K, reserved 1056768K
  class space    used 330K, capacity 628K, committed 640K, reserved 1048576K
}
Event: 105.506 GC heap before
{Heap before GC invocations=36 (full 0):
 garbage-first heap   total 131072K, used 88337K [0x0000000081400000, 0x0000000100000000)
  region size 1024K, 76 young (77824K), 6 survivors (6144K)
 Metaspace       used 4726K, capacity 7742K, committed 8064K, reserved 1056768K
  class space    used 330K, capacity 628K, committed 640K, reserved 1048576K
}
Event: 105.514 GC heap after
{Heap after GC invocations=37 (full 0):
 garbage-first heap   total 131072K, used 17070K [0x0000000081400000, 0x0000000100000000)
  region size 1024K, 6 young (6144K), 6 survivors (6144K)
 Metaspace       used 4726K, capacity 7742K, committed 8064K, reserved 1056768K
  class space    used 330K, capacity 628K, committed 640K, reserved 1048576K
}
Event: 108.079 GC heap before
{Heap before GC invocations=37 (full 0):
 garbage-first heap   total 131072K, used 88750K [0x0000000081400000, 0x0000000100000000)
  region size 1024K, 76 young (77824K), 6 survivors (6144K)
 Metaspace       used 4726K, capacity 7742K, committed 8064K, reserved 1056768K
  class space    used 330K, capacity 628K, committed 640K, reserved 1048576K
}
Event: 108.088 GC heap after
{Heap after GC invocations=38 (full 0):
 garbage-first heap   total 131072K, used 17474K [0x0000000081400000, 0x0000000100000000)
  region size 1024K, 6 young (6144K), 6 survivors (6144K)
 Metaspace       used 4726K, capacity 7742K, committed 8064K, reserved 1056768K
  class space    used 330K, capacity 628K, committed 640K, reserved 1048576K
}
Event: 110.620 GC heap before
{Heap before GC invocations=38 (full 0):
 garbage-first heap   total 131072K, used 89154K [0x0000000081400000, 0x0000000100000000)
  region size 1024K, 76 young (77824K), 6 survivors (6144K)
 Metaspace       used 4726K, capacity 7742K, committed 8064K, reserved 1056768K
  class space    used 330K, capacity 628K, committed 640K, reserved 1048576K
}
Event: 110.632 GC heap after
{Heap after GC invocations=39 (full 0):
 garbage-first heap   total 131072K, used 18132K [0x0000000081400000, 0x0000000100000000)
  region size 1024K, 6 young (6144K), 6 survivors (6144K)
 Metaspace       used 4726K, capacity 7742K, committed 8064K, reserved 1056768K
  class space    used 330K, capacity 628K, committed 640K, reserved 1048576K
}

