# JRE version: Java(TM) SE Runtime Environment (14.0.1+7) (build 14.0.1+7)
# Java VM: Java HotSpot(TM) 64-Bit Server VM (14.0.1+7, mixed mode, sharing, tiered, compressed oops, g1 gc, windows-amd64)
Heap:
 garbage-first heap   total 133120K, used 75725K [0x0000000081400000, 0x0000000100000000)
  region size 1024K, 4 young (4096K), 3 survivors (3072K)
 Metaspace       used 4946K, capacity 7910K, committed 8192K, reserved 1056768K
  class space    used 344K, capacity 663K, committed 768K, reserved 1048576K
GC Heap History (20 events):
Event: 558.455 GC heap before
{Heap before GC invocations=261 (full 0):
 garbage-first heap   total 131072K, used 113644K [0x0000000081400000, 0x0000000100000000)
  region size 1024K, 42 young (43008K), 3 survivors (3072K)
 Metaspace       used 4946K, capacity 7910K, committed 8192K, reserved 1056768K
  class space    used 344K, capacity 663K, committed 768K, reserved 1048576K
}
Event: 558.464 GC heap after
{Heap after GC invocations=262 (full 0):
 garbage-first heap   total 131072K, used 73917K [0x0000000081400000, 0x0000000100000000)
  region size 1024K, 3 young (3072K), 3 survivors (3072K)
 Metaspace       used 4946K, capacity 7910K, committed 8192K, reserved 1056768K
  class space    used 344K, capacity 663K, committed 768K, reserved 1048576K
}
Event: 559.752 GC heap before
{Heap before GC invocations=262 (full 0):
 garbage-first heap   total 131072K, used 113853K [0x0000000081400000, 0x0000000100000000)
  region size 1024K, 42 young (43008K), 3 survivors (3072K)
 Metaspace       used 4946K, capacity 7910K, committed 8192K, reserved 1056768K
  class space    used 344K, capacity 663K, committed 768K, reserved 1048576K
}
Event: 559.757 GC heap after
{Heap after GC invocations=263 (full 0):
 garbage-first heap   total 131072K, used 74176K [0x0000000081400000, 0x0000000100000000)
  region size 1024K, 3 young (3072K), 3 survivors (3072K)
 Metaspace       used 4946K, capacity 7910K, committed 8192K, reserved 1056768K
  class space    used 344K, capacity 663K, committed 768K, reserved 1048576K
}
Event: 561.125 GC heap before
{Heap before GC invocations=264 (full 0):
 garbage-first heap   total 132096K, used 114112K [0x0000000081400000, 0x0000000100000000)
  region size 1024K, 42 young (43008K), 3 survivors (3072K)
 Metaspace       used 4946K, capacity 7910K, committed 8192K, reserved 1056768K
  class space    used 344K, capacity 663K, committed 768K, reserved 1048576K
}
Event: 561.131 GC heap after
{Heap after GC invocations=265 (full 0):
 garbage-first heap   total 132096K, used 74307K [0x0000000081400000, 0x0000000100000000)
  region size 1024K, 3 young (3072K), 3 survivors (3072K)
 Metaspace       used 4946K, capacity 7910K, committed 8192K, reserved 1056768K
  class space    used 344K, capacity 663K, committed 768K, reserved 1048576K
}
Event: 562.474 GC heap before
{Heap before GC invocations=265 (full 0):
 garbage-first heap   total 132096K, used 115267K [0x0000000081400000, 0x0000000100000000)
  region size 1024K, 43 young (44032K), 3 survivors (3072K)
 Metaspace       used 4946K, capacity 7910K, committed 8192K, reserved 1056768K
  class space    used 344K, capacity 663K, committed 768K, reserved 1048576K
}
Event: 562.486 GC heap after
{Heap after GC invocations=266 (full 0):
 garbage-first heap   total 132096K, used 74514K [0x0000000081400000, 0x0000000100000000)
  region size 1024K, 3 young (3072K), 3 survivors (3072K)
 Metaspace       used 4946K, capacity 7910K, committed 8192K, reserved 1056768K
  class space    used 344K, capacity 663K, committed 768K, reserved 1048576K
}
Event: 563.917 GC heap before
{Heap before GC invocations=267 (full 0):
 garbage-first heap   total 132096K, used 115474K [0x0000000081400000, 0x0000000100000000)
  region size 1024K, 43 young (44032K), 3 survivors (3072K)
 Metaspace       used 4946K, capacity 7910K, committed 8192K, reserved 1056768K
  class space    used 344K, capacity 663K, committed 768K, reserved 1048576K
}
Event: 563.925 GC heap after
{Heap after GC invocations=268 (full 0):
 garbage-first heap   total 132096K, used 74790K [0x0000000081400000, 0x0000000100000000)
  region size 1024K, 3 young (3072K), 3 survivors (3072K)
 Metaspace       used 4946K, capacity 7910K, committed 8192K, reserved 1056768K
  class space    used 344K, capacity 663K, committed 768K, reserved 1048576K
}
Event: 565.205 GC heap before
{Heap before GC invocations=268 (full 0):
 garbage-first heap   total 132096K, used 114726K [0x0000000081400000, 0x0000000100000000)
  region size 1024K, 42 young (43008K), 3 survivors (3072K)
 Metaspace       used 4946K, capacity 7910K, committed 8192K, reserved 1056768K
  class space    used 344K, capacity 663K, committed 768K, reserved 1048576K
}
Event: 565.215 GC heap after
{Heap after GC invocations=269 (full 0):
 garbage-first heap   total 132096K, used 74782K [0x0000000081400000, 0x0000000100000000)
  region size 1024K, 3 young (3072K), 3 survivors (3072K)
 Metaspace       used 4946K, capacity 7910K, committed 8192K, reserved 1056768K
  class space    used 344K, capacity 663K, committed 768K, reserved 1048576K
}
Event: 566.648 GC heap before
{Heap before GC invocations=270 (full 0):
 garbage-first heap   total 133120K, used 114718K [0x0000000081400000, 0x0000000100000000)
  region size 1024K, 42 young (43008K), 3 survivors (3072K)
 Metaspace       used 4946K, capacity 7910K, committed 8192K, reserved 1056768K
  class space    used 344K, capacity 663K, committed 768K, reserved 1048576K
}
Event: 566.659 GC heap after
{Heap after GC invocations=271 (full 0):
 garbage-first heap   total 133120K, used 75118K [0x0000000081400000, 0x0000000100000000)
  region size 1024K, 3 young (3072K), 3 survivors (3072K)
 Metaspace       used 4946K, capacity 7910K, committed 8192K, reserved 1056768K
  class space    used 344K, capacity 663K, committed 768K, reserved 1048576K
}
Event: 568.189 GC heap before
{Heap before GC invocations=271 (full 0):
 garbage-first heap   total 133120K, used 116078K [0x0000000081400000, 0x0000000100000000)
  region size 1024K, 43 young (44032K), 3 survivors (3072K)
 Metaspace       used 4946K, capacity 7910K, committed 8192K, reserved 1056768K
  class space    used 344K, capacity 663K, committed 768K, reserved 1048576K
}
Event: 568.196 GC heap after
{Heap after GC invocations=272 (full 0):
 garbage-first heap   total 133120K, used 75319K [0x0000000081400000, 0x0000000100000000)
  region size 1024K, 3 young (3072K), 3 survivors (3072K)
 Metaspace       used 4946K, capacity 7910K, committed 8192K, reserved 1056768K
  class space    used 344K, capacity 663K, committed 768K, reserved 1048576K
}
Event: 569.635 GC heap before
{Heap before GC invocations=273 (full 0):
 garbage-first heap   total 133120K, used 116279K [0x0000000081400000, 0x0000000100000000)
  region size 1024K, 43 young (44032K), 3 survivors (3072K)
 Metaspace       used 4946K, capacity 7910K, committed 8192K, reserved 1056768K
  class space    used 344K, capacity 663K, committed 768K, reserved 1048576K
}
Event: 569.644 GC heap after
{Heap after GC invocations=274 (full 0):
 garbage-first heap   total 133120K, used 75521K [0x0000000081400000, 0x0000000100000000)
  region size 1024K, 3 young (3072K), 3 survivors (3072K)
 Metaspace       used 4946K, capacity 7910K, committed 8192K, reserved 1056768K
  class space    used 344K, capacity 663K, committed 768K, reserved 1048576K
}
Event: 571.068 GC heap before
{Heap before GC invocations=274 (full 0):
 garbage-first heap   total 133120K, used 116481K [0x0000000081400000, 0x0000000100000000)
  region size 1024K, 43 young (44032K), 3 survivors (3072K)
 Metaspace       used 4946K, capacity 7910K, committed 8192K, reserved 1056768K
  class space    used 344K, capacity 663K, committed 768K, reserved 1048576K
}
Event: 571.076 GC heap after
{Heap after GC invocations=275 (full 0):
 garbage-first heap   total 133120K, used 75725K [0x0000000081400000, 0x0000000100000000)
  region size 1024K, 3 young (3072K), 3 survivors (3072K)
 Metaspace       used 4946K, capacity 7910K, committed 8192K, reserved 1056768K
  class space    used 344K, capacity 663K, committed 768K, reserved 1048576K
}

